Log file open, 12/18/19 12:55:50
LogWindows: Failed to load 'aqProf.dll' (GetLastError=126)
LogWindows: File 'aqProf.dll' does not exist
LogWindows: Failed to load 'VtuneApi.dll' (GetLastError=126)
LogWindows: File 'VtuneApi.dll' does not exist
LogWindows: Failed to load 'VtuneApi32e.dll' (GetLastError=126)
LogWindows: File 'VtuneApi32e.dll' does not exist
LogConsoleResponse: Display: Failed to find resolution value strings in scalability ini. Falling back to default.
LogInit: Display: Running engine for game: SchoolSimulator
LogPlatformFile: Not using cached read wrapper
LogTaskGraph: Started task graph with 5 named threads and 23 total threads with 3 sets of task threads.
LogStats: Stats thread started at 0.079747
LogD3D11RHI: Loaded GFSDK_Aftermath_Lib.x64.dll
LogICUInternationalization: ICU TimeZone Detection - Raw Offset: -6:00, Platform Override: ''
LogPluginManager: Mounting plugin Paper2D
LogPluginManager: Mounting plugin AISupport
LogPluginManager: Mounting plugin LightPropagationVolume
LogPluginManager: Mounting plugin ActorLayerUtilities
LogPluginManager: Mounting plugin AnimationSharing
LogPluginManager: Mounting plugin CLionSourceCodeAccess
LogPluginManager: Mounting plugin CodeLiteSourceCodeAccess
LogPluginManager: Mounting plugin GitSourceControl
LogPluginManager: Mounting plugin KDevelopSourceCodeAccess
LogPluginManager: Mounting plugin NullSourceCodeAccess
LogPluginManager: Mounting plugin PerforceSourceControl
LogPluginManager: Mounting plugin SubversionSourceControl
LogPluginManager: Mounting plugin UObjectPlugin
LogPluginManager: Mounting plugin VisualStudioCodeSourceCodeAccess
LogPluginManager: Mounting plugin VisualStudioSourceCodeAccess
LogPluginManager: Mounting plugin XCodeSourceCodeAccess
LogPluginManager: Mounting plugin AssetManagerEditor
LogPluginManager: Mounting plugin CryptoKeys
LogPluginManager: Mounting plugin CurveEditorTools
LogPluginManager: Mounting plugin DataValidation
LogPluginManager: Mounting plugin FacialAnimation
LogPluginManager: Mounting plugin GameplayTagsEditor
LogPluginManager: Mounting plugin MacGraphicsSwitching
LogPluginManager: Mounting plugin MaterialAnalyzer
LogPluginManager: Mounting plugin MobileLauncherProfileWizard
LogPluginManager: Mounting plugin PluginBrowser
LogPluginManager: Mounting plugin SpeedTreeImporter
LogPluginManager: Mounting plugin DatasmithContent
LogPluginManager: Mounting plugin VariantManagerContent
LogPluginManager: Mounting plugin AlembicImporter
LogPluginManager: Mounting plugin AutomationUtils
LogPluginManager: Mounting plugin BackChannel
LogPluginManager: Mounting plugin CharacterAI
LogPluginManager: Mounting plugin GeometryCache
LogPluginManager: Mounting plugin HTML5Networking
LogPluginManager: Mounting plugin PlatformCrypto
LogPluginManager: Mounting plugin ProxyLODPlugin
LogPluginManager: Mounting plugin SkeletalReduction
LogPluginManager: Mounting plugin MagicLeap
LogPluginManager: Mounting plugin MagicLeapMedia
LogPluginManager: Mounting plugin LowEntryExtStdLib
LogPluginManager: Mounting plugin Substance
LogPluginManager: Mounting plugin AndroidMedia
LogPluginManager: Mounting plugin AvfMedia
LogPluginManager: Mounting plugin ImgMedia
LogPluginManager: Mounting plugin MediaCompositing
LogPluginManager: Mounting plugin MediaPlayerEditor
LogPluginManager: Mounting plugin WebMMedia
LogPluginManager: Mounting plugin WmfMedia
LogPluginManager: Mounting plugin TcpMessaging
LogPluginManager: Mounting plugin UdpMessaging
LogPluginManager: Mounting plugin ActorSequence
LogPluginManager: Mounting plugin LevelSequenceEditor
LogPluginManager: Mounting plugin MatineeToLevelSequence
LogPluginManager: Mounting plugin NetcodeUnitTest
LogPluginManager: Mounting plugin NUTUnrealEngine4
LogPluginManager: Mounting plugin OnlineSubsystemGooglePlay
LogPluginManager: Mounting plugin OnlineSubsystemIOS
LogPluginManager: Mounting plugin OnlineSubsystem
LogPluginManager: Mounting plugin OnlineSubsystemNull
LogPluginManager: Mounting plugin OnlineSubsystemUtils
LogPluginManager: Mounting plugin LauncherChunkInstaller
LogPluginManager: Mounting plugin AndroidDeviceProfileSelector
LogPluginManager: Mounting plugin AndroidMoviePlayer
LogPluginManager: Mounting plugin AndroidPermission
LogPluginManager: Mounting plugin AppleImageUtils
LogPluginManager: Mounting plugin AppleMoviePlayer
LogPluginManager: Mounting plugin ArchVisCharacter
LogPluginManager: Mounting plugin AudioCapture
LogPluginManager: Mounting plugin CableComponent
LogPluginManager: Mounting plugin CustomMeshComponent
LogPluginManager: Mounting plugin EditableMesh
LogPluginManager: Mounting plugin ExampleDeviceProfileSelector
LogPluginManager: Mounting plugin GoogleCloudMessaging
LogPluginManager: Mounting plugin IOSDeviceProfileSelector
LogPluginManager: Mounting plugin LinuxDeviceProfileSelector
LogPluginManager: Mounting plugin LocationServicesBPLibrary
LogPluginManager: Mounting plugin MobilePatchingUtils
LogPluginManager: Mounting plugin OculusVR
LogPluginManager: Mounting plugin PhysXVehicles
LogPluginManager: Mounting plugin ProceduralMeshComponent
LogPluginManager: Mounting plugin RuntimePhysXCooking
LogPluginManager: Mounting plugin SignificanceManager
LogPluginManager: Mounting plugin SteamVR
LogPluginManager: Mounting plugin WebMMoviePlayer
LogPluginManager: Mounting plugin WindowsMoviePlayer
LogPluginManager: Mounting plugin ScreenshotTools
LogInit: Using libcurl 7.55.1-DEV
LogInit:  - built for x86_64-pc-win32
LogInit:  - supports SSL with OpenSSL/1.1.1
LogInit:  - supports HTTP deflate (compression) using libz 1.2.8
LogInit:  - other features:
LogInit:      CURL_VERSION_SSL
LogInit:      CURL_VERSION_LIBZ
LogInit:      CURL_VERSION_IPV6
LogInit:      CURL_VERSION_ASYNCHDNS
LogInit:      CURL_VERSION_LARGEFILE
LogInit:      CURL_VERSION_IDN
LogInit:  CurlRequestOptions (configurable via config and command line):
LogInit:  - bVerifyPeer = true  - Libcurl will verify peer certificate
LogInit:  - bUseHttpProxy = false  - Libcurl will NOT use HTTP proxy
LogInit:  - bDontReuseConnections = false  - Libcurl will reuse connections
LogInit:  - MaxHostConnections = 16  - Libcurl will limit the number of connections to a host
LogInit:  - LocalHostAddr = Default
LogInit:  - BufferSize = 65536
LogOnline: OSS: Creating online subsystem instance for: NULL
LogInit: WinSock: version 1.1 (2.2), MaxSocks=32767, MaxUdp=65467
LogInit: Build: ++UE4+Release-4.23-CL-9631420
LogInit: Engine Version: 4.23.1-9631420+++UE4+Release-4.23
LogInit: Compatible Engine Version: 4.23.0-8386587+++UE4+Release-4.23
LogInit: Net CL: 8386587
LogInit: OS: Windows 10 (Release 1903) (), CPU: Intel(R) Core(TM) i7-4790 CPU @ 3.60GHz, GPU: NVIDIA GeForce GTX 960
LogInit: Compiled (64-bit): Oct 18 2019 02:07:44
LogInit: Compiled with Visual C++: 19.16.27030.01
LogInit: Build Configuration: Development
LogInit: Branch Name: ++UE4+Release-4.23
LogInit: Command Line: 
LogInit: Base Directory: C:/Program Files/Epic Games/UE_4.23/Engine/Binaries/Win64/
LogInit: Installed Engine Build: 1
LogDevObjectVersion: Number of dev versions registered: 23
LogDevObjectVersion:   Dev-Blueprints (B0D832E4-1F89-4F0D-ACCF-7EB736FD4AA2): 10
LogDevObjectVersion:   Dev-Build (E1C64328-A22C-4D53-A36C-8E866417BD8C): 0
LogDevObjectVersion:   Dev-Core (375EC13C-06E4-48FB-B500-84F0262A717E): 3
LogDevObjectVersion:   Dev-Editor (E4B068ED-F494-42E9-A231-DA0B2E46BB41): 34
LogDevObjectVersion:   Dev-Framework (CFFC743F-43B0-4480-9391-14DF171D2073): 35
LogDevObjectVersion:   Dev-Mobile (B02B49B5-BB20-44E9-A304-32B752E40360): 2
LogDevObjectVersion:   Dev-Networking (A4E4105C-59A1-49B5-A7C5-40C4547EDFEE): 0
LogDevObjectVersion:   Dev-Online (39C831C9-5AE6-47DC-9A44-9C173E1C8E7C): 0
LogDevObjectVersion:   Dev-Physics (78F01B33-EBEA-4F98-B9B4-84EACCB95AA2): 0
LogDevObjectVersion:   Dev-Platform (6631380F-2D4D-43E0-8009-CF276956A95A): 0
LogDevObjectVersion:   Dev-Rendering (12F88B9F-8875-4AFC-A67C-D90C383ABD29): 31
LogDevObjectVersion:   Dev-Sequencer (7B5AE74C-D270-4C10-A958-57980B212A5A): 11
LogDevObjectVersion:   Dev-VR (D7296918-1DD6-4BDD-9DE2-64A83CC13884): 2
LogDevObjectVersion:   Dev-LoadTimes (C2A15278-BFE7-4AFE-6C17-90FF531DF755): 1
LogDevObjectVersion:   Private-Geometry (6EACA3D4-40EC-4CC1-B786-8BED09428FC5): 3
LogDevObjectVersion:   Dev-AnimPhys (29E575DD-E0A3-4627-9D10-D276232CDCEA): 17
LogDevObjectVersion:   Dev-Anim (AF43A65D-7FD3-4947-9873-3E8ED9C1BB05): 2
LogDevObjectVersion:   Dev-ReflectionCapture (6B266CEC-1EC7-4B8F-A30B-E4D90942FC07): 1
LogDevObjectVersion:   Dev-Automation (0DF73D61-A23F-47EA-B727-89E90C41499A): 1
LogDevObjectVersion:   FortniteMain (601D1886-AC64-4F84-AA16-D3DE0DEAC7D6): 27
LogDevObjectVersion:   Dev-Enterprise (9DFFBCD6-494F-0158-E221-12823C92A888): 6
LogDevObjectVersion:   Dev-Niagara (F2AED0AC-9AFE-416F-8664-AA7FFA26D6FC): 1
LogDevObjectVersion:   Dev-Destruction (174F1F0B-B4C6-45A5-B13F-2EE8D0FB917D): 9
LogInit: Presizing for max 16777216 objects, including 0 objects not considered by GC, pre-allocating 0 bytes for permanent pool.
LogInit: Object subsystem initialized
LogConfig: Setting CVar [[con.DebugEarlyDefault:1]]
LogConfig: Setting CVar [[r.setres:1280x720]]
[2019.12.18-18.55.50:401][  0]LogConfig: Setting CVar [[r.VSync:0]]
[2019.12.18-18.55.50:401][  0]LogConfig: Setting CVar [[r.RHICmdBypass:0]]
[2019.12.18-18.55.50:401][  0]LogConfig: Applying CVar settings from Section [/Script/Engine.RendererSettings] File [C:/Users/Administrator/Documents/Unreal Projects/SchoolSimulator/SchoolSim/Saved/Config/Windows/Engine.ini]
[2019.12.18-18.55.50:401][  0]LogConfig: Setting CVar [[r.GPUCrashDebugging:0]]
[2019.12.18-18.55.50:401][  0]LogConfig: Applying CVar settings from Section [/Script/Engine.RendererOverrideSettings] File [C:/Users/Administrator/Documents/Unreal Projects/SchoolSimulator/SchoolSim/Saved/Config/Windows/Engine.ini]
[2019.12.18-18.55.50:401][  0]LogConfig: Applying CVar settings from Section [/Script/Engine.StreamingSettings] File [C:/Users/Administrator/Documents/Unreal Projects/SchoolSimulator/SchoolSim/Saved/Config/Windows/Engine.ini]
[2019.12.18-18.55.50:401][  0]LogConfig: Setting CVar [[s.MinBulkDataSizeForAsyncLoading:131072]]
[2019.12.18-18.55.50:401][  0]LogConfig: Setting CVar [[s.AsyncLoadingThreadEnabled:0]]
[2019.12.18-18.55.50:401][  0]LogConfig: Setting CVar [[s.EventDrivenLoaderEnabled:1]]
[2019.12.18-18.55.50:401][  0]LogConfig: Setting CVar [[s.WarnIfTimeLimitExceeded:0]]
[2019.12.18-18.55.50:401][  0]LogConfig: Setting CVar [[s.TimeLimitExceededMultiplier:1.5]]
[2019.12.18-18.55.50:401][  0]LogConfig: Setting CVar [[s.TimeLimitExceededMinTime:0.005]]
[2019.12.18-18.55.50:401][  0]LogConfig: Setting CVar [[s.UseBackgroundLevelStreaming:1]]
[2019.12.18-18.55.50:401][  0]LogConfig: Setting CVar [[s.PriorityAsyncLoadingExtraTime:15.0]]
[2019.12.18-18.55.50:401][  0]LogConfig: Setting CVar [[s.LevelStreamingActorsUpdateTimeLimit:5.0]]
[2019.12.18-18.55.50:401][  0]LogConfig: Setting CVar [[s.PriorityLevelStreamingActorsUpdateExtraTime:5.0]]
[2019.12.18-18.55.50:401][  0]LogConfig: Setting CVar [[s.LevelStreamingComponentsRegistrationGranularity:10]]
[2019.12.18-18.55.50:401][  0]LogConfig: Setting CVar [[s.UnregisterComponentsTimeLimit:1.0]]
[2019.12.18-18.55.50:401][  0]LogConfig: Setting CVar [[s.LevelStreamingComponentsUnregistrationGranularity:5]]
[2019.12.18-18.55.50:401][  0]LogConfig: Applying CVar settings from Section [/Script/Engine.GarbageCollectionSettings] File [C:/Users/Administrator/Documents/Unreal Projects/SchoolSimulator/SchoolSim/Saved/Config/Windows/Engine.ini]
[2019.12.18-18.55.50:401][  0]LogConfig: Setting CVar [[gc.MaxObjectsNotConsideredByGC:1]]
[2019.12.18-18.55.50:401][  0]LogConfig: Setting CVar [[gc.SizeOfPermanentObjectPool:0]]
[2019.12.18-18.55.50:401][  0]LogConfig: Setting CVar [[gc.FlushStreamingOnGC:0]]
[2019.12.18-18.55.50:401][  0]LogConfig: Setting CVar [[gc.NumRetriesBeforeForcingGC:10]]
[2019.12.18-18.55.50:401][  0]LogConfig: Setting CVar [[gc.AllowParallelGC:1]]
[2019.12.18-18.55.50:401][  0]LogConfig: Setting CVar [[gc.TimeBetweenPurgingPendingKillObjects:61.1]]
[2019.12.18-18.55.50:401][  0]LogConfig: Setting CVar [[gc.MaxObjectsInEditor:16777216]]
[2019.12.18-18.55.50:401][  0]LogConfig: Setting CVar [[gc.IncrementalBeginDestroyEnabled:1]]
[2019.12.18-18.55.50:401][  0]LogConfig: Setting CVar [[gc.CreateGCClusters:1]]
[2019.12.18-18.55.50:401][  0]LogConfig: Setting CVar [[gc.MinGCClusterSize:5]]
[2019.12.18-18.55.50:401][  0]LogConfig: Setting CVar [[gc.ActorClusteringEnabled:0]]
[2019.12.18-18.55.50:401][  0]LogConfig: Setting CVar [[gc.BlueprintClusteringEnabled:0]]
[2019.12.18-18.55.50:401][  0]LogConfig: Setting CVar [[gc.UseDisregardForGCOnDedicatedServers:0]]
[2019.12.18-18.55.50:401][  0]LogConfig: Applying CVar settings from Section [/Script/Engine.NetworkSettings] File [C:/Users/Administrator/Documents/Unreal Projects/SchoolSimulator/SchoolSim/Saved/Config/Windows/Engine.ini]
[2019.12.18-18.55.50:401][  0]LogConfig: Applying CVar settings from Section [/Script/UnrealEd.CookerSettings] File [C:/Users/Administrator/Documents/Unreal Projects/SchoolSimulator/SchoolSim/Saved/Config/Windows/Engine.ini]
[2019.12.18-18.55.50:405][  0]LogConfig: Applying CVar settings from Section [ViewDistanceQuality@3] File [C:/Users/Administrator/Documents/Unreal Projects/SchoolSimulator/SchoolSim/Saved/Config/Windows/Scalability.ini]
[2019.12.18-18.55.50:405][  0]LogConfig: Setting CVar [[r.SkeletalMeshLODBias:0]]
[2019.12.18-18.55.50:405][  0]LogConfig: Setting CVar [[r.ViewDistanceScale:1.0]]
[2019.12.18-18.55.50:405][  0]LogConfig: Applying CVar settings from Section [AntiAliasingQuality@3] File [C:/Users/Administrator/Documents/Unreal Projects/SchoolSimulator/SchoolSim/Saved/Config/Windows/Scalability.ini]
[2019.12.18-18.55.50:405][  0]LogConfig: Setting CVar [[r.PostProcessAAQuality:4]]
[2019.12.18-18.55.50:405][  0]LogConfig: Applying CVar settings from Section [ShadowQuality@3] File [C:/Users/Administrator/Documents/Unreal Projects/SchoolSimulator/SchoolSim/Saved/Config/Windows/Scalability.ini]
[2019.12.18-18.55.50:405][  0]LogConfig: Setting CVar [[r.LightFunctionQuality:1]]
[2019.12.18-18.55.50:405][  0]LogConfig: Setting CVar [[r.ShadowQuality:5]]
[2019.12.18-18.55.50:405][  0]LogConfig: Setting CVar [[r.Shadow.CSM.MaxCascades:10]]
[2019.12.18-18.55.50:405][  0]LogConfig: Setting CVar [[r.Shadow.MaxResolution:2048]]
[2019.12.18-18.55.50:405][  0]LogConfig: Setting CVar [[r.Shadow.MaxCSMResolution:2048]]
[2019.12.18-18.55.50:405][  0]LogConfig: Setting CVar [[r.Shadow.RadiusThreshold:0.01]]
[2019.12.18-18.55.50:405][  0]LogConfig: Setting CVar [[r.Shadow.DistanceScale:1.0]]
[2019.12.18-18.55.50:405][  0]LogConfig: Setting CVar [[r.Shadow.CSM.TransitionScale:1.0]]
[2019.12.18-18.55.50:405][  0]LogConfig: Setting CVar [[r.Shadow.PreShadowResolutionFactor:1.0]]
[2019.12.18-18.55.50:405][  0]LogConfig: Setting CVar [[r.DistanceFieldShadowing:1]]
[2019.12.18-18.55.50:405][  0]LogConfig: Setting CVar [[r.DistanceFieldAO:1]]
[2019.12.18-18.55.50:405][  0]LogConfig: Setting CVar [[r.AOQuality:2]]
[2019.12.18-18.55.50:405][  0]LogConfig: Setting CVar [[r.VolumetricFog:1]]
[2019.12.18-18.55.50:405][  0]LogConfig: Setting CVar [[r.VolumetricFog.GridPixelSize:8]]
[2019.12.18-18.55.50:405][  0]LogConfig: Setting CVar [[r.VolumetricFog.GridSizeZ:128]]
[2019.12.18-18.55.50:405][  0]LogConfig: Setting CVar [[r.VolumetricFog.HistoryMissSupersampleCount:4]]
[2019.12.18-18.55.50:405][  0]LogConfig: Setting CVar [[r.LightMaxDrawDistanceScale:1]]
[2019.12.18-18.55.50:405][  0]LogConfig: Setting CVar [[r.CapsuleShadows:1]]
[2019.12.18-18.55.50:405][  0]LogConfig: Applying CVar settings from Section [PostProcessQuality@3] File [C:/Users/Administrator/Documents/Unreal Projects/SchoolSimulator/SchoolSim/Saved/Config/Windows/Scalability.ini]
[2019.12.18-18.55.50:405][  0]LogConfig: Setting CVar [[r.MotionBlurQuality:4]]
[2019.12.18-18.55.50:405][  0]LogConfig: Setting CVar [[r.AmbientOcclusionMipLevelFactor:0.4]]
[2019.12.18-18.55.50:405][  0]LogConfig: Setting CVar [[r.AmbientOcclusionMaxQuality:100]]
[2019.12.18-18.55.50:405][  0]LogConfig: Setting CVar [[r.AmbientOcclusionLevels:-1]]
[2019.12.18-18.55.50:405][  0]LogConfig: Setting CVar [[r.AmbientOcclusionRadiusScale:1.0]]
[2019.12.18-18.55.50:405][  0]LogConfig: Setting CVar [[r.DepthOfFieldQuality:2]]
[2019.12.18-18.55.50:405][  0]LogConfig: Setting CVar [[r.RenderTargetPoolMin:400]]
[2019.12.18-18.55.50:405][  0]LogConfig: Setting CVar [[r.LensFlareQuality:2]]
[2019.12.18-18.55.50:405][  0]LogConfig: Setting CVar [[r.SceneColorFringeQuality:1]]
[2019.12.18-18.55.50:405][  0]LogConfig: Setting CVar [[r.EyeAdaptationQuality:2]]
[2019.12.18-18.55.50:405][  0]LogConfig: Setting CVar [[r.BloomQuality:5]]
[2019.12.18-18.55.50:405][  0]LogConfig: Setting CVar [[r.FastBlurThreshold:100]]
[2019.12.18-18.55.50:405][  0]LogConfig: Setting CVar [[r.Upscale.Quality:3]]
[2019.12.18-18.55.50:405][  0]LogConfig: Setting CVar [[r.Tonemapper.GrainQuantization:1]]
[2019.12.18-18.55.50:405][  0]LogConfig: Setting CVar [[r.LightShaftQuality:1]]
[2019.12.18-18.55.50:405][  0]LogConfig: Setting CVar [[r.Filter.SizeScale:1]]
[2019.12.18-18.55.50:405][  0]LogConfig: Setting CVar [[r.Tonemapper.Quality:5]]
[2019.12.18-18.55.50:405][  0]LogConfig: Setting CVar [[r.DOF.Gather.AccumulatorQuality:1        ; higher gathering accumulator quality]]
[2019.12.18-18.55.50:405][  0]LogConfig: Setting CVar [[r.DOF.Gather.PostfilterMethod:1          ; Median3x3 postfilering method]]
[2019.12.18-18.55.50:405][  0]LogConfig: Setting CVar [[r.DOF.Gather.EnableBokehSettings:0       ; no bokeh simulation when gathering]]
[2019.12.18-18.55.50:405][  0]LogConfig: Setting CVar [[r.DOF.Gather.RingCount:4                 ; medium number of samples when gathering]]
[2019.12.18-18.55.50:405][  0]LogConfig: Setting CVar [[r.DOF.Scatter.ForegroundCompositing:1    ; additive foreground scattering]]
[2019.12.18-18.55.50:405][  0]LogConfig: Setting CVar [[r.DOF.Scatter.BackgroundCompositing:2    ; additive background scattering]]
[2019.12.18-18.55.50:405][  0]LogConfig: Setting CVar [[r.DOF.Scatter.EnableBokehSettings:1      ; bokeh simulation when scattering]]
[2019.12.18-18.55.50:405][  0]LogConfig: Setting CVar [[r.DOF.Scatter.MaxSpriteRatio:0.1         ; only a maximum of 10% of scattered bokeh]]
[2019.12.18-18.55.50:405][  0]LogConfig: Setting CVar [[r.DOF.Recombine.Quality:1                ; cheap slight out of focus]]
[2019.12.18-18.55.50:405][  0]LogConfig: Setting CVar [[r.DOF.Recombine.EnableBokehSettings:0    ; no bokeh simulation on slight out of focus]]
[2019.12.18-18.55.50:405][  0]LogConfig: Setting CVar [[r.DOF.TemporalAAQuality:1                ; more stable temporal accumulation]]
[2019.12.18-18.55.50:405][  0]LogConfig: Setting CVar [[r.DOF.Kernel.MaxForegroundRadius:0.025]]
[2019.12.18-18.55.50:405][  0]LogConfig: Setting CVar [[r.DOF.Kernel.MaxBackgroundRadius:0.025]]
[2019.12.18-18.55.50:405][  0]LogConfig: Applying CVar settings from Section [TextureQuality@3] File [C:/Users/Administrator/Documents/Unreal Projects/SchoolSimulator/SchoolSim/Saved/Config/Windows/Scalability.ini]
[2019.12.18-18.55.50:405][  0]LogConfig: Setting CVar [[r.Streaming.MipBias:0]]
[2019.12.18-18.55.50:405][  0]LogConfig: Setting CVar [[r.Streaming.AmortizeCPUToGPUCopy:0]]
[2019.12.18-18.55.50:405][  0]LogConfig: Setting CVar [[r.Streaming.MaxNumTexturesToStreamPerFrame:0]]
[2019.12.18-18.55.50:405][  0]LogConfig: Setting CVar [[r.Streaming.Boost:1]]
[2019.12.18-18.55.50:405][  0]LogConfig: Setting CVar [[r.MaxAnisotropy:8]]
[2019.12.18-18.55.50:405][  0]LogConfig: Setting CVar [[r.Streaming.LimitPoolSizeToVRAM:0]]
[2019.12.18-18.55.50:405][  0]LogConfig: Setting CVar [[r.Streaming.PoolSize:1000]]
[2019.12.18-18.55.50:405][  0]LogConfig: Setting CVar [[r.Streaming.MaxEffectiveScreenSize:0]]
[2019.12.18-18.55.50:405][  0]LogConfig: Applying CVar settings from Section [EffectsQuality@3] File [C:/Users/Administrator/Documents/Unreal Projects/SchoolSimulator/SchoolSim/Saved/Config/Windows/Scalability.ini]
[2019.12.18-18.55.50:405][  0]LogConfig: Setting CVar [[r.TranslucencyLightingVolumeDim:64]]
[2019.12.18-18.55.50:405][  0]LogConfig: Setting CVar [[r.RefractionQuality:2]]
[2019.12.18-18.55.50:405][  0]LogConfig: Setting CVar [[r.SSR.Quality:3]]
[2019.12.18-18.55.50:405][  0]LogConfig: Setting CVar [[r.SceneColorFormat:4]]
[2019.12.18-18.55.50:405][  0]LogConfig: Setting CVar [[r.DetailMode:2]]
[2019.12.18-18.55.50:405][  0]LogConfig: Setting CVar [[r.TranslucencyVolumeBlur:1]]
[2019.12.18-18.55.50:405][  0]LogConfig: Setting CVar [[r.MaterialQualityLevel:1 ; High quality]]
[2019.12.18-18.55.50:405][  0]LogConfig: Setting CVar [[r.SSS.Scale:1]]
[2019.12.18-18.55.50:405][  0]LogConfig: Setting CVar [[r.SSS.SampleSet:2]]
[2019.12.18-18.55.50:405][  0]LogConfig: Setting CVar [[r.SSS.Quality:1]]
[2019.12.18-18.55.50:405][  0]LogConfig: Setting CVar [[r.SSS.HalfRes:1]]
[2019.12.18-18.55.50:405][  0]LogConfig: Setting CVar [[r.EmitterSpawnRateScale:1.0]]
[2019.12.18-18.55.50:405][  0]LogConfig: Setting CVar [[r.ParticleLightQuality:2]]
[2019.12.18-18.55.50:405][  0]LogConfig: Applying CVar settings from Section [FoliageQuality@3] File [C:/Users/Administrator/Documents/Unreal Projects/SchoolSimulator/SchoolSim/Saved/Config/Windows/Scalability.ini]
[2019.12.18-18.55.50:405][  0]LogConfig: Setting CVar [[foliage.DensityScale:1.0]]
[2019.12.18-18.55.50:405][  0]LogConfig: Setting CVar [[grass.DensityScale:1.0]]
[2019.12.18-18.55.50:406][  0]LogInit: Selected Device Profile: [Windows]
[2019.12.18-18.55.50:406][  0]LogInit: Applying CVar settings loaded from the selected device profile: [Windows]
[2019.12.18-18.55.50:408][  0]LogHAL: Display: Platform has ~ 16 GB [17116131328 / 17179869184 / 16], which maps to Larger [LargestMinGB=32, LargerMinGB=12, DefaultMinGB=8, SmallerMinGB=6, SmallestMinGB=0)
[2019.12.18-18.55.50:408][  0]LogInit: Going up to parent DeviceProfile []
[2019.12.18-18.55.50:408][  0]LogConfig: Applying CVar settings from Section [ViewDistanceQuality@3] File [C:/Users/Administrator/Documents/Unreal Projects/SchoolSimulator/SchoolSim/Saved/Config/Windows/Scalability.ini]
[2019.12.18-18.55.50:408][  0]LogConfig: Setting CVar [[r.SkeletalMeshLODBias:0]]
[2019.12.18-18.55.50:408][  0]LogConfig: Setting CVar [[r.ViewDistanceScale:1.0]]
[2019.12.18-18.55.50:408][  0]LogConfig: Applying CVar settings from Section [AntiAliasingQuality@3] File [C:/Users/Administrator/Documents/Unreal Projects/SchoolSimulator/SchoolSim/Saved/Config/Windows/Scalability.ini]
[2019.12.18-18.55.50:408][  0]LogConfig: Setting CVar [[r.PostProcessAAQuality:4]]
[2019.12.18-18.55.50:408][  0]LogConfig: Applying CVar settings from Section [ShadowQuality@3] File [C:/Users/Administrator/Documents/Unreal Projects/SchoolSimulator/SchoolSim/Saved/Config/Windows/Scalability.ini]
[2019.12.18-18.55.50:408][  0]LogConfig: Setting CVar [[r.LightFunctionQuality:1]]
[2019.12.18-18.55.50:408][  0]LogConfig: Setting CVar [[r.ShadowQuality:5]]
[2019.12.18-18.55.50:408][  0]LogConfig: Setting CVar [[r.Shadow.CSM.MaxCascades:10]]
[2019.12.18-18.55.50:408][  0]LogConfig: Setting CVar [[r.Shadow.MaxResolution:2048]]
[2019.12.18-18.55.50:408][  0]LogConfig: Setting CVar [[r.Shadow.MaxCSMResolution:2048]]
[2019.12.18-18.55.50:408][  0]LogConfig: Setting CVar [[r.Shadow.RadiusThreshold:0.01]]
[2019.12.18-18.55.50:408][  0]LogConfig: Setting CVar [[r.Shadow.DistanceScale:1.0]]
[2019.12.18-18.55.50:408][  0]LogConfig: Setting CVar [[r.Shadow.CSM.TransitionScale:1.0]]
[2019.12.18-18.55.50:408][  0]LogConfig: Setting CVar [[r.Shadow.PreShadowResolutionFactor:1.0]]
[2019.12.18-18.55.50:408][  0]LogConfig: Setting CVar [[r.DistanceFieldShadowing:1]]
[2019.12.18-18.55.50:408][  0]LogConfig: Setting CVar [[r.DistanceFieldAO:1]]
[2019.12.18-18.55.50:408][  0]LogConfig: Setting CVar [[r.AOQuality:2]]
[2019.12.18-18.55.50:408][  0]LogConfig: Setting CVar [[r.VolumetricFog:1]]
[2019.12.18-18.55.50:408][  0]LogConfig: Setting CVar [[r.VolumetricFog.GridPixelSize:8]]
[2019.12.18-18.55.50:408][  0]LogConfig: Setting CVar [[r.VolumetricFog.GridSizeZ:128]]
[2019.12.18-18.55.50:408][  0]LogConfig: Setting CVar [[r.VolumetricFog.HistoryMissSupersampleCount:4]]
[2019.12.18-18.55.50:408][  0]LogConfig: Setting CVar [[r.LightMaxDrawDistanceScale:1]]
[2019.12.18-18.55.50:408][  0]LogConfig: Setting CVar [[r.CapsuleShadows:1]]
[2019.12.18-18.55.50:408][  0]LogConfig: Applying CVar settings from Section [PostProcessQuality@3] File [C:/Users/Administrator/Documents/Unreal Projects/SchoolSimulator/SchoolSim/Saved/Config/Windows/Scalability.ini]
[2019.12.18-18.55.50:408][  0]LogConfig: Setting CVar [[r.MotionBlurQuality:4]]
[2019.12.18-18.55.50:408][  0]LogConfig: Setting CVar [[r.AmbientOcclusionMipLevelFactor:0.4]]
[2019.12.18-18.55.50:408][  0]LogConfig: Setting CVar [[r.AmbientOcclusionMaxQuality:100]]
[2019.12.18-18.55.50:408][  0]LogConfig: Setting CVar [[r.AmbientOcclusionLevels:-1]]
[2019.12.18-18.55.50:408][  0]LogConfig: Setting CVar [[r.AmbientOcclusionRadiusScale:1.0]]
[2019.12.18-18.55.50:408][  0]LogConfig: Setting CVar [[r.DepthOfFieldQuality:2]]
[2019.12.18-18.55.50:408][  0]LogConfig: Setting CVar [[r.RenderTargetPoolMin:400]]
[2019.12.18-18.55.50:408][  0]LogConfig: Setting CVar [[r.LensFlareQuality:2]]
[2019.12.18-18.55.50:409][  0]LogConfig: Setting CVar [[r.SceneColorFringeQuality:1]]
[2019.12.18-18.55.50:409][  0]LogConfig: Setting CVar [[r.EyeAdaptationQuality:2]]
[2019.12.18-18.55.50:409][  0]LogConfig: Setting CVar [[r.BloomQuality:5]]
[2019.12.18-18.55.50:409][  0]LogConfig: Setting CVar [[r.FastBlurThreshold:100]]
[2019.12.18-18.55.50:409][  0]LogConfig: Setting CVar [[r.Upscale.Quality:3]]
[2019.12.18-18.55.50:409][  0]LogConfig: Setting CVar [[r.Tonemapper.GrainQuantization:1]]
[2019.12.18-18.55.50:409][  0]LogConfig: Setting CVar [[r.LightShaftQuality:1]]
[2019.12.18-18.55.50:409][  0]LogConfig: Setting CVar [[r.Filter.SizeScale:1]]
[2019.12.18-18.55.50:409][  0]LogConfig: Setting CVar [[r.Tonemapper.Quality:5]]
[2019.12.18-18.55.50:409][  0]LogConfig: Setting CVar [[r.DOF.Gather.AccumulatorQuality:1        ; higher gathering accumulator quality]]
[2019.12.18-18.55.50:409][  0]LogConfig: Setting CVar [[r.DOF.Gather.PostfilterMethod:1          ; Median3x3 postfilering method]]
[2019.12.18-18.55.50:409][  0]LogConfig: Setting CVar [[r.DOF.Gather.EnableBokehSettings:0       ; no bokeh simulation when gathering]]
[2019.12.18-18.55.50:409][  0]LogConfig: Setting CVar [[r.DOF.Gather.RingCount:4                 ; medium number of samples when gathering]]
[2019.12.18-18.55.50:409][  0]LogConfig: Setting CVar [[r.DOF.Scatter.ForegroundCompositing:1    ; additive foreground scattering]]
[2019.12.18-18.55.50:409][  0]LogConfig: Setting CVar [[r.DOF.Scatter.BackgroundCompositing:2    ; additive background scattering]]
[2019.12.18-18.55.50:409][  0]LogConfig: Setting CVar [[r.DOF.Scatter.EnableBokehSettings:1      ; bokeh simulation when scattering]]
[2019.12.18-18.55.50:409][  0]LogConfig: Setting CVar [[r.DOF.Scatter.MaxSpriteRatio:0.1         ; only a maximum of 10% of scattered bokeh]]
[2019.12.18-18.55.50:409][  0]LogConfig: Setting CVar [[r.DOF.Recombine.Quality:1                ; cheap slight out of focus]]
[2019.12.18-18.55.50:409][  0]LogConfig: Setting CVar [[r.DOF.Recombine.EnableBokehSettings:0    ; no bokeh simulation on slight out of focus]]
[2019.12.18-18.55.50:409][  0]LogConfig: Setting CVar [[r.DOF.TemporalAAQuality:1                ; more stable temporal accumulation]]
[2019.12.18-18.55.50:409][  0]LogConfig: Setting CVar [[r.DOF.Kernel.MaxForegroundRadius:0.025]]
[2019.12.18-18.55.50:409][  0]LogConfig: Setting CVar [[r.DOF.Kernel.MaxBackgroundRadius:0.025]]
[2019.12.18-18.55.50:409][  0]LogConfig: Applying CVar settings from Section [TextureQuality@3] File [C:/Users/Administrator/Documents/Unreal Projects/SchoolSimulator/SchoolSim/Saved/Config/Windows/Scalability.ini]
[2019.12.18-18.55.50:409][  0]LogConfig: Setting CVar [[r.Streaming.MipBias:0]]
[2019.12.18-18.55.50:409][  0]LogConfig: Setting CVar [[r.Streaming.AmortizeCPUToGPUCopy:0]]
[2019.12.18-18.55.50:409][  0]LogConfig: Setting CVar [[r.Streaming.MaxNumTexturesToStreamPerFrame:0]]
[2019.12.18-18.55.50:409][  0]LogConfig: Setting CVar [[r.Streaming.Boost:1]]
[2019.12.18-18.55.50:409][  0]LogConfig: Setting CVar [[r.MaxAnisotropy:8]]
[2019.12.18-18.55.50:409][  0]LogConfig: Setting CVar [[r.Streaming.LimitPoolSizeToVRAM:0]]
[2019.12.18-18.55.50:409][  0]LogConfig: Setting CVar [[r.Streaming.PoolSize:1000]]
[2019.12.18-18.55.50:409][  0]LogConfig: Setting CVar [[r.Streaming.MaxEffectiveScreenSize:0]]
[2019.12.18-18.55.50:409][  0]LogConfig: Applying CVar settings from Section [EffectsQuality@3] File [C:/Users/Administrator/Documents/Unreal Projects/SchoolSimulator/SchoolSim/Saved/Config/Windows/Scalability.ini]
[2019.12.18-18.55.50:409][  0]LogConfig: Setting CVar [[r.TranslucencyLightingVolumeDim:64]]
[2019.12.18-18.55.50:409][  0]LogConfig: Setting CVar [[r.RefractionQuality:2]]
[2019.12.18-18.55.50:409][  0]LogConfig: Setting CVar [[r.SSR.Quality:3]]
[2019.12.18-18.55.50:409][  0]LogConfig: Setting CVar [[r.SceneColorFormat:4]]
[2019.12.18-18.55.50:409][  0]LogConfig: Setting CVar [[r.DetailMode:2]]
[2019.12.18-18.55.50:409][  0]LogConfig: Setting CVar [[r.TranslucencyVolumeBlur:1]]
[2019.12.18-18.55.50:409][  0]LogConfig: Setting CVar [[r.MaterialQualityLevel:1 ; High quality]]
[2019.12.18-18.55.50:409][  0]LogConfig: Setting CVar [[r.SSS.Scale:1]]
[2019.12.18-18.55.50:409][  0]LogConfig: Setting CVar [[r.SSS.SampleSet:2]]
[2019.12.18-18.55.50:409][  0]LogConfig: Setting CVar [[r.SSS.Quality:1]]
[2019.12.18-18.55.50:409][  0]LogConfig: Setting CVar [[r.SSS.HalfRes:1]]
[2019.12.18-18.55.50:409][  0]LogConfig: Setting CVar [[r.EmitterSpawnRateScale:1.0]]
[2019.12.18-18.55.50:409][  0]LogConfig: Setting CVar [[r.ParticleLightQuality:2]]
[2019.12.18-18.55.50:409][  0]LogConfig: Applying CVar settings from Section [FoliageQuality@3] File [C:/Users/Administrator/Documents/Unreal Projects/SchoolSimulator/SchoolSim/Saved/Config/Windows/Scalability.ini]
[2019.12.18-18.55.50:409][  0]LogConfig: Setting CVar [[foliage.DensityScale:1.0]]
[2019.12.18-18.55.50:409][  0]LogConfig: Setting CVar [[grass.DensityScale:1.0]]
[2019.12.18-18.55.50:409][  0]LogConfig: Applying CVar settings from Section [Startup] File [../../../Engine/Config/ConsoleVariables.ini]
[2019.12.18-18.55.50:409][  0]LogConfig: Setting CVar [[net.UseAdaptiveNetUpdateFrequency:0]]
[2019.12.18-18.55.50:409][  0]LogConfig: Setting CVar [[p.chaos.AllowCreatePhysxBodies:1]]
[2019.12.18-18.55.50:409][  0]LogConfig: Applying CVar settings from Section [ConsoleVariables] File [C:/Users/Administrator/Documents/Unreal Projects/SchoolSimulator/SchoolSim/Saved/Config/Windows/Engine.ini]
[2019.12.18-18.55.50:409][  0]LogInit: Computer: COMPUTER
[2019.12.18-18.55.50:409][  0]LogInit: User: Administrator
[2019.12.18-18.55.50:409][  0]LogInit: CPU Page size=4096, Cores=4
[2019.12.18-18.55.50:409][  0]LogInit: High frequency timer resolution =10.000000 MHz
[2019.12.18-18.55.50:409][  0]LogMemory: Memory total: Physical=15.9GB (16GB approx)
[2019.12.18-18.55.50:409][  0]LogMemory: Platform Memory Stats for Windows
[2019.12.18-18.55.50:409][  0]LogMemory: Process Physical Memory: 101.77 MB used, 101.78 MB peak
[2019.12.18-18.55.50:409][  0]LogMemory: Process Virtual Memory: 99.13 MB used, 99.13 MB peak
[2019.12.18-18.55.50:409][  0]LogMemory: Physical Memory: 6860.36 MB used,  9462.85 MB free, 16323.21 MB total
[2019.12.18-18.55.50:410][  0]LogMemory: Virtual Memory: 4667.87 MB used,  134213064.00 MB free, 134217728.00 MB total
[2019.12.18-18.55.50:413][  0]LogWindows: WindowsPlatformFeatures enabled
[2019.12.18-18.55.50:435][  0]LogInit: Using OS detected language (en-US).
[2019.12.18-18.55.50:435][  0]LogInit: Using OS detected locale (en-US).
[2019.12.18-18.55.50:436][  0]LogTextLocalizationManager: No specific localization for 'en-US' exists, so the 'en' localization will be used.
[2019.12.18-18.55.50:590][  0]LogInit: Setting process to per monitor DPI aware
[2019.12.18-18.55.50:657][  0]LogSlate: New Slate User Created.  User Index 0, Is Virtual User: 0
[2019.12.18-18.55.50:657][  0]LogSlate: Slate User Registered.  User Index 0, Is Virtual User: 0
[2019.12.18-18.55.50:840][  0]LogHMD: Failed to initialize OpenVR with code 110
[2019.12.18-18.55.50:840][  0]LogD3D11RHI: D3D11 adapters:
[2019.12.18-18.55.50:908][  0]LogD3D11RHI:    0. 'NVIDIA GeForce GTX 960' (Feature Level 11_0)
[2019.12.18-18.55.50:908][  0]LogD3D11RHI:       2007/0/8161 MB DedicatedVideo/DedicatedSystem/SharedSystem, Outputs:1, VendorId:0x10de
[2019.12.18-18.55.50:910][  0]LogD3D11RHI:    1. 'Microsoft Basic Render Driver' (Feature Level 11_0)
[2019.12.18-18.55.50:910][  0]LogD3D11RHI:       0/0/8161 MB DedicatedVideo/DedicatedSystem/SharedSystem, Outputs:0, VendorId:0x1414
[2019.12.18-18.55.50:912][  0]LogD3D11RHI:    2. 'Microsoft Basic Render Driver' (Feature Level 11_0)
[2019.12.18-18.55.50:912][  0]LogD3D11RHI:       0/0/8161 MB DedicatedVideo/DedicatedSystem/SharedSystem, Outputs:0, VendorId:0x1414
[2019.12.18-18.55.50:914][  0]LogD3D11RHI:    3. 'Microsoft Basic Render Driver' (Feature Level 11_0)
[2019.12.18-18.55.50:914][  0]LogD3D11RHI:       0/0/8161 MB DedicatedVideo/DedicatedSystem/SharedSystem, Outputs:0, VendorId:0x1414
[2019.12.18-18.55.50:914][  0]LogD3D11RHI: Chosen D3D11 Adapter: 0
[2019.12.18-18.55.50:920][  0]LogD3D11RHI: Creating new Direct3DDevice
[2019.12.18-18.55.50:920][  0]LogD3D11RHI:     GPU DeviceId: 0x1401 (for the marketing name, search the web for "GPU Device Id")
[2019.12.18-18.55.50:920][  0]LogWindows: EnumDisplayDevices:
[2019.12.18-18.55.50:920][  0]LogWindows:    0. 'NVIDIA GeForce GTX 960' (P:1 D:1)
[2019.12.18-18.55.50:921][  0]LogWindows:    1. 'NVIDIA GeForce GTX 960' (P:0 D:0)
[2019.12.18-18.55.50:921][  0]LogWindows:    2. 'NVIDIA GeForce GTX 960' (P:0 D:0)
[2019.12.18-18.55.50:921][  0]LogWindows:    3. 'NVIDIA GeForce GTX 960' (P:0 D:0)
[2019.12.18-18.55.50:922][  0]LogWindows:    4. 'iDisplay (Microsoft Corporation - WDDM v1.1)' (P:0 D:0)
[2019.12.18-18.55.50:922][  0]LogWindows:    5. 'iDisplay (Microsoft Corporation - WDDM v1.1)' (P:0 D:0)
[2019.12.18-18.55.50:922][  0]LogWindows:    6. 'iDisplay (Microsoft Corporation - WDDM v1.1)' (P:0 D:0)
[2019.12.18-18.55.50:923][  0]LogWindows:    7. 'spacedesk Graphics Adapter' (P:0 D:0)
[2019.12.18-18.55.50:923][  0]LogWindows:    8. 'spacedesk Graphics Adapter' (P:0 D:0)
[2019.12.18-18.55.50:924][  0]LogWindows:    9. 'spacedesk Graphics Adapter' (P:0 D:0)
[2019.12.18-18.55.50:924][  0]LogWindows: DebugString: GetVideoDriverDetailsInvalid PrimaryIsNotTheChoosenAdapter GetVideoDriverDetailsInvalid PrimaryIsNotTheChoosenAdapter GetVideoDriverDetailsInvalid PrimaryIsNotTheChoosenAdapter GetVideoDriverDetailsInvalid PrimaryIsNotTheChoosenAdapter GetVideoDriverDetailsInvalid PrimaryIsNotTheChoosenAdapter GetVideoDriverDetailsInvalid PrimaryIsNotTheChoosenAdapter FoundDriverCount:4 
[2019.12.18-18.55.50:924][  0]LogD3D11RHI:     Adapter Name: NVIDIA GeForce GTX 960
[2019.12.18-18.55.50:924][  0]LogD3D11RHI:   Driver Version: 440.97 (internal:26.21.14.4097, unified:440.97)
[2019.12.18-18.55.50:924][  0]LogD3D11RHI:      Driver Date: 10-16-2019
[2019.12.18-18.55.50:924][  0]LogRHI: Texture pool is 1405 MB (70% of 2007 MB)
[2019.12.18-18.55.50:962][  0]LogD3D11RHI: Async texture creation enabled
[2019.12.18-18.55.50:974][  0]LogD3D11RHI: GPU Timing Frequency: 1000.000000 (Debug: 2 1)
[2019.12.18-18.55.51:332][  0]LogTemp: Display: Module 'AllDesktopTargetPlatform' loaded TargetPlatform 'AllDesktop'
[2019.12.18-18.55.51:346][  0]LogTemp: Display: Module 'MacClientTargetPlatform' loaded TargetPlatform 'MacClient'
[2019.12.18-18.55.51:358][  0]LogTemp: Display: Module 'MacNoEditorTargetPlatform' loaded TargetPlatform 'MacNoEditor'
[2019.12.18-18.55.51:367][  0]LogTemp: Display: Module 'MacServerTargetPlatform' loaded TargetPlatform 'MacServer'
[2019.12.18-18.55.51:376][  0]LogTemp: Display: Module 'MacTargetPlatform' loaded TargetPlatform 'Mac'
[2019.12.18-18.55.51:386][  0]LogTemp: Display: Module 'WindowsClientTargetPlatform' loaded TargetPlatform 'WindowsClient'
[2019.12.18-18.55.51:397][  0]LogTemp: Display: Module 'WindowsNoEditorTargetPlatform' loaded TargetPlatform 'WindowsNoEditor'
[2019.12.18-18.55.51:406][  0]LogTemp: Display: Module 'WindowsServerTargetPlatform' loaded TargetPlatform 'WindowsServer'
[2019.12.18-18.55.51:410][  0]LogTemp: Display: Module 'WindowsTargetPlatform' loaded TargetPlatform 'Windows'
[2019.12.18-18.55.51:448][  0]LogTemp: Display: Module 'AndroidTargetPlatform' loaded TargetPlatform 'Android'
[2019.12.18-18.55.51:449][  0]LogTemp: Display: Module 'AndroidTargetPlatform' loaded TargetPlatform 'Android_ASTC'
[2019.12.18-18.55.51:449][  0]LogTemp: Display: Module 'AndroidTargetPlatform' loaded TargetPlatform 'Android_ATC'
[2019.12.18-18.55.51:449][  0]LogTemp: Display: Module 'AndroidTargetPlatform' loaded TargetPlatform 'Android_DXT'
[2019.12.18-18.55.51:449][  0]LogTemp: Display: Module 'AndroidTargetPlatform' loaded TargetPlatform 'Android_ETC1'
[2019.12.18-18.55.51:449][  0]LogTemp: Display: Module 'AndroidTargetPlatform' loaded TargetPlatform 'Android_ETC1a'
[2019.12.18-18.55.51:449][  0]LogTemp: Display: Module 'AndroidTargetPlatform' loaded TargetPlatform 'Android_ETC2'
[2019.12.18-18.55.51:449][  0]LogTemp: Display: Module 'AndroidTargetPlatform' loaded TargetPlatform 'Android_PVRTC'
[2019.12.18-18.55.51:449][  0]LogTemp: Display: Module 'AndroidTargetPlatform' loaded TargetPlatform 'AndroidClient'
[2019.12.18-18.55.51:449][  0]LogTemp: Display: Module 'AndroidTargetPlatform' loaded TargetPlatform 'Android_ASTCClient'
[2019.12.18-18.55.51:449][  0]LogTemp: Display: Module 'AndroidTargetPlatform' loaded TargetPlatform 'Android_ATCClient'
[2019.12.18-18.55.51:449][  0]LogTemp: Display: Module 'AndroidTargetPlatform' loaded TargetPlatform 'Android_DXTClient'
[2019.12.18-18.55.51:449][  0]LogTemp: Display: Module 'AndroidTargetPlatform' loaded TargetPlatform 'Android_ETC1Client'
[2019.12.18-18.55.51:449][  0]LogTemp: Display: Module 'AndroidTargetPlatform' loaded TargetPlatform 'Android_ETC1aClient'
[2019.12.18-18.55.51:449][  0]LogTemp: Display: Module 'AndroidTargetPlatform' loaded TargetPlatform 'Android_ETC2Client'
[2019.12.18-18.55.51:449][  0]LogTemp: Display: Module 'AndroidTargetPlatform' loaded TargetPlatform 'Android_PVRTCClient'
[2019.12.18-18.55.51:449][  0]LogTemp: Display: Module 'AndroidTargetPlatform' loaded TargetPlatform 'Android_Multi'
[2019.12.18-18.55.51:449][  0]LogTemp: Display: Module 'AndroidTargetPlatform' loaded TargetPlatform 'Android_MultiClient'
[2019.12.18-18.55.51:450][  0]LogTemp: Display: Module 'HTML5TargetPlatform' loaded TargetPlatform 'HTML5'
[2019.12.18-18.55.51:468][  0]LogTemp: Display: Module 'IOSTargetPlatform' loaded TargetPlatform 'IOSClient'
[2019.12.18-18.55.51:468][  0]LogTemp: Display: Module 'IOSTargetPlatform' loaded TargetPlatform 'IOS'
[2019.12.18-18.55.51:488][  0]LogTemp: Display: Module 'TVOSTargetPlatform' loaded TargetPlatform 'TVOSClient'
[2019.12.18-18.55.51:488][  0]LogTemp: Display: Module 'TVOSTargetPlatform' loaded TargetPlatform 'TVOS'
[2019.12.18-18.55.51:496][  0]LogTemp: Display: Module 'LinuxClientTargetPlatform' loaded TargetPlatform 'LinuxClient'
[2019.12.18-18.55.51:505][  0]LogTemp: Display: Module 'LinuxNoEditorTargetPlatform' loaded TargetPlatform 'LinuxNoEditor'
[2019.12.18-18.55.51:514][  0]LogTemp: Display: Module 'LinuxServerTargetPlatform' loaded TargetPlatform 'LinuxServer'
[2019.12.18-18.55.51:525][  0]LogTemp: Display: Module 'LinuxTargetPlatform' loaded TargetPlatform 'Linux'
[2019.12.18-18.55.51:553][  0]LogTemp: Display: Module 'LuminTargetPlatform' loaded TargetPlatform 'Lumin'
[2019.12.18-18.55.51:553][  0]LogTemp: Display: Module 'LuminTargetPlatform' loaded TargetPlatform 'LuminClient'
[2019.12.18-18.55.51:554][  0]LogTargetPlatformManager: Display: Building Assets For Windows
[2019.12.18-18.55.51:563][  0]LogAudioDebug: Display: Lib vorbis DLL was dynamically loaded.
[2019.12.18-18.55.51:613][  0]LogShaderCompilers: Guid format shader working directory is -36 characters bigger than the processId version (../../../../../../Users/Administrator/Documents/Unreal Projects/SchoolSimulator/SchoolSim/Intermediate/Shaders/WorkingDirectory/11076/).
[2019.12.18-18.55.51:613][  0]LogShaderCompilers: Cleaned the shader compiler working directory 'C:/Users/Administrator/AppData/Local/Temp/UnrealShaderWorkingDir/6FBE59924361E3502A4D31B4CF4BFC7B/'.
[2019.12.18-18.55.51:616][  0]LogXGEController: Cannot use XGE Controller as Incredibuild is not installed on this machine.
[2019.12.18-18.55.51:616][  0]LogShaderCompilers: Cannot use XGE Shader Compiler as Incredibuild is not installed on this machine.
[2019.12.18-18.55.51:616][  0]LogShaderCompilers: Display: Using Local Shader Compiler.
[2019.12.18-18.55.52:264][  0]LogDerivedDataCache: Display: Max Cache Size: 512 MB
[2019.12.18-18.55.52:313][  0]LogDerivedDataCache: Loaded boot cache 0.05s 73MB C:/Users/Administrator/AppData/Local/UnrealEngine/4.23/DerivedDataCache/Boot.ddc.
[2019.12.18-18.55.52:313][  0]LogDerivedDataCache: Display: Loaded Boot cache: C:/Users/Administrator/AppData/Local/UnrealEngine/4.23/DerivedDataCache/Boot.ddc
[2019.12.18-18.55.52:313][  0]LogDerivedDataCache: FDerivedDataBackendGraph:  Pak pak cache file ../../../../../../Users/Administrator/Documents/Unreal Projects/SchoolSimulator/SchoolSim/DerivedDataCache/DDC.ddp not found, will not use a pak cache.
[2019.12.18-18.55.52:313][  0]LogDerivedDataCache: Unable to find inner node Pak for hierarchical cache Hierarchy.
[2019.12.18-18.55.52:313][  0]LogDerivedDataCache: FDerivedDataBackendGraph:  CompressedPak pak cache file ../../../../../../Users/Administrator/Documents/Unreal Projects/SchoolSimulator/SchoolSim/DerivedDataCache/Compressed.ddp not found, will not use a pak cache.
[2019.12.18-18.55.52:313][  0]LogDerivedDataCache: Unable to find inner node CompressedPak for hierarchical cache Hierarchy.
[2019.12.18-18.55.52:323][  0]LogDerivedDataCache: Display: Pak cache opened for reading ../../../Engine/DerivedDataCache/Compressed.ddp.
[2019.12.18-18.55.52:323][  0]LogDerivedDataCache: FDerivedDataBackendGraph:  EnterprisePak pak cache file ../../../Enterprise/DerivedDataCache/Compressed.ddp not found, will not use a pak cache.
[2019.12.18-18.55.52:323][  0]LogDerivedDataCache: Unable to find inner node EnterprisePak for hierarchical cache Hierarchy.
[2019.12.18-18.55.52:324][  0]LogDerivedDataCache: Using Local data cache path C:/Users/Administrator/AppData/Local/UnrealEngine/Common/DerivedDataCache: Writable
[2019.12.18-18.55.52:324][  0]LogDerivedDataCache: Shared data cache path not found in *engine.ini, will not use an Shared cache.
[2019.12.18-18.55.52:324][  0]LogDerivedDataCache: Unable to find inner node Shared for hierarchical cache Hierarchy.
[2019.12.18-18.55.52:344][  0]LogMaterial: Verifying Global Shaders for PCD3D_SM5
[2019.12.18-18.55.52:346][  0]LogSlate: Using FreeType 2.6.0
[2019.12.18-18.55.52:347][  0]LogSlate: SlateFontServices - WITH_FREETYPE: 1, WITH_HARFBUZZ: 1
[2019.12.18-18.55.52:400][  0]LogAssetRegistry: FAssetRegistry took 0.0022 seconds to start up
[2019.12.18-18.55.52:731][  0]LogInit: Selected Device Profile: [Windows]
[2019.12.18-18.55.52:871][  0]LogMeshReduction: Using QuadricMeshReduction for automatic static mesh reduction
[2019.12.18-18.55.52:871][  0]LogMeshReduction: Using SimplygonMeshReduction for automatic skeletal mesh reduction
[2019.12.18-18.55.52:871][  0]LogMeshReduction: Using ProxyLODMeshReduction for automatic mesh merging
[2019.12.18-18.55.52:871][  0]LogMeshReduction: No distributed automatic mesh merging module available
[2019.12.18-18.55.52:871][  0]LogMeshMerging: No distributed automatic mesh merging module available
[2019.12.18-18.55.52:879][  0]LogNetVersion: SchoolSimulator 1.0.0, NetCL: 8386587, EngineNetVer: 11, GameNetVer: 0 (Checksum: 2907629088)
[2019.12.18-18.55.53:291][  0]LogPackageLocalizationCache: Processed 13 localized package path(s) for 1 prioritized culture(s) in 0.056496 seconds
[2019.12.18-18.55.53:298][  0]LogUObjectArray: 43444 objects as part of root set at end of initial load.
[2019.12.18-18.55.53:298][  0]LogUObjectAllocator: 7548648 out of 0 bytes used by permanent object pool.
[2019.12.18-18.55.53:298][  0]LogUObjectArray: CloseDisregardForGC: 0/0 objects in disregard for GC pool
[2019.12.18-18.55.54:559][  0]LogSubstanceCoreModule: Substance [CPU] Engine Loaded, Max Texture Size = 2048
[2019.12.18-18.55.54:624][  0]LogTcpMessaging: Initializing TcpMessaging bridge
[2019.12.18-18.55.54:627][  0]LogUdpMessaging: Initializing bridge on interface 0.0.0.0:0 to multicast group 230.0.0.1:6666.
[2019.12.18-18.55.54:676][  0]SourceControl: Source control is disabled
[2019.12.18-18.55.54:676][  0]SourceControl: Source control is disabled
[2019.12.18-18.55.54:677][  0]SourceControl: Source control is disabled
[2019.12.18-18.55.54:678][  0]SourceControl: Source control is disabled
[2019.12.18-18.55.54:827][  0]LogAndroidPermission: UAndroidPermissionCallbackProxy::GetInstance
[2019.12.18-18.55.55:051][  0]LogOcInput: OculusInput pre-init called
[2019.12.18-18.55.55:058][  0]LogWindows: Failed to load 'OVRPlugin.dll' (GetLastError=126)
[2019.12.18-18.55.55:058][  0]LogWindows: File 'OVRPlugin.dll' does not exist
[2019.12.18-18.55.55:631][  0]LogEngine: Initializing Engine...
[2019.12.18-18.55.55:632][  0]LogHMD: Failed to initialize OpenVR with code 110
[2019.12.18-18.55.55:633][  0]LogStats: UGameplayTagsManager::InitializeManager -  0.000 s
[2019.12.18-18.55.55:856][  0]LogInit: Initializing FReadOnlyCVARCache
[2019.12.18-18.55.55:871][  0]LogAIModule: Creating AISystem for world Untitled
[2019.12.18-18.55.55:920][  0]LogInit: XAudio2 using 'Headphones (111111’s AirPods Stereo)' : 2 channels at 44.1 kHz using 16 bits per sample (channel mask 0x3)
[2019.12.18-18.55.55:964][  0]LogInit: FAudioDevice initialized.
[2019.12.18-18.55.55:964][  0]LogNetVersion: Set ProjectVersion to 1.0.0.0. Version Checksum will be recalculated on next use.
[2019.12.18-18.55.56:072][  0]LogDerivedDataCache: Saved boot cache 0.11s 73MB C:/Users/Administrator/AppData/Local/UnrealEngine/4.23/DerivedDataCache/Boot.ddc.
[2019.12.18-18.55.56:082][  0]LogInit: Texture streaming: Enabled
[2019.12.18-18.55.56:101][  0]LogEngineSessionManager: EngineSessionManager initialized
[2019.12.18-18.55.56:101][  0]LogEditorSessionSummary: Verbose: Initializing EditorSessionSummaryWriter for editor session tracking
[2019.12.18-18.55.56:103][  0]LogEditorSessionSummary: EditorSessionSummaryWriter initialized
[2019.12.18-18.55.56:168][  0]LogInit: Transaction tracking system initialized
[2019.12.18-18.55.56:199][  0]BlueprintLog: New page: Editor Load
[2019.12.18-18.55.56:287][  0]LocalizationService: Localization service is disabled
[2019.12.18-18.55.56:538][  0]LogFileCache: Scanning file cache for directory 'C:/Users/Administrator/Documents/Unreal Projects/SchoolSimulator/SchoolSim/Content/' took 0.01s
[2019.12.18-18.55.56:538][  0]LogCook: Display: Max memory allowance for cook 16384mb min free memory 0mb
[2019.12.18-18.55.56:539][  0]LogCook: Display: Mobile HDR setting 1
[2019.12.18-18.55.56:711][  0]SourceControl: Source control is disabled
[2019.12.18-18.55.56:715][  0]LightingResults: New page: Lighting Build
[2019.12.18-18.55.56:718][  0]LogWorld: UWorld::CleanupWorld for Untitled, bSessionEnded=true, bCleanupResources=true
[2019.12.18-18.55.56:718][  0]MapCheck: New page: Map Check
[2019.12.18-18.55.56:718][  0]LightingResults: New page: Lighting Build
[2019.12.18-18.55.56:743][  0]LogUObjectHash: Compacting FUObjectHashTables data took   3.19ms
[2019.12.18-18.55.58:188][  0]LogAIModule: Creating AISystem for world ThirdPersonExampleMap
[2019.12.18-18.55.58:195][  0]LogEditorServer: Finished looking for orphan Actors (0.000 secs)
[2019.12.18-18.55.58:226][  0]LogUObjectHash: Compacting FUObjectHashTables data took   2.48ms
[2019.12.18-18.55.58:226][  0]Cmd: MAP CHECKDEP NOCLEARLOG
[2019.12.18-18.55.58:226][  0]MapCheck: Map check complete: 0 Error(s), 0 Warning(s), took 0.154ms to complete.
[2019.12.18-18.55.58:226][  0]LogFileHelpers: Loading map 'ThirdPersonExampleMap' took 1.516
[2019.12.18-18.55.58:402][  0]LogSlate: Updating window title bar state: overlay mode, drag disabled, window buttons hidden, title bar hidden
[2019.12.18-18.55.58:408][  0]LogSlate: Updating window title bar state: overlay mode, drag disabled, window buttons hidden, title bar hidden
[2019.12.18-18.55.58:414][  0]LogSlate: Updating window title bar state: overlay mode, drag disabled, window buttons hidden, title bar hidden
[2019.12.18-18.55.58:420][  0]LogSlate: Updating window title bar state: overlay mode, drag disabled, window buttons hidden, title bar hidden
[2019.12.18-18.55.58:430][  0]LogCollectionManager: Loaded 0 collections in 0.001650 seconds
[2019.12.18-18.55.58:436][  0]LogFileCache: Scanning file cache for directory 'C:/Users/Administrator/Documents/Unreal Projects/SchoolSimulator/SchoolSim/Saved/Collections/' took 0.00s
[2019.12.18-18.55.58:436][  0]LogFileCache: Scanning file cache for directory 'C:/Users/Administrator/Documents/Unreal Projects/SchoolSimulator/SchoolSim/Content/Developers/Administrator/Collections/' took 0.00s
[2019.12.18-18.55.58:436][  0]LogFileCache: Scanning file cache for directory 'C:/Users/Administrator/Documents/Unreal Projects/SchoolSimulator/SchoolSim/Content/Collections/' took 0.00s
[2019.12.18-18.55.58:436][  0]LogCollectionManager: Rebuilt the GUID cache for 0 collections in 0.000001 seconds
[2019.12.18-18.55.58:444][  0]LogContentBrowser: Native class hierarchy populated in 0.0075 seconds. Added 2902 classes and 695 folders.
[2019.12.18-18.55.58:450][  0]LogContentBrowser: Native class hierarchy updated for 'WidgetCarousel' in 0.0002 seconds. Added 0 classes and 0 folders.
[2019.12.18-18.55.59:250][  0]LogContentBrowser: Native class hierarchy updated for 'AddContentDialog' in 0.0002 seconds. Added 0 classes and 0 folders.
[2019.12.18-18.55.59:255][  0]LogContentBrowser: Native class hierarchy updated for 'SceneOutliner' in 0.0002 seconds. Added 1 classes and 2 folders.
[2019.12.18-18.55.59:334][  0]LogSlate: Took 0.000180 seconds to synchronously load lazily loaded font '../../../Engine/Content/Slate/Fonts/Roboto-Regular.ttf' (155K)
[2019.12.18-18.55.59:336][  0]LogSlate: Took 0.000181 seconds to synchronously load lazily loaded font '../../../Engine/Content/Slate/Fonts/Roboto-Bold.ttf' (160K)
[2019.12.18-18.55.59:358][  0]LogSlate: Took 0.018023 seconds to synchronously load lazily loaded font '../../../Engine/Content/Editor/Slate/Fonts/FontAwesome.ttf' (139K)
[2019.12.18-18.55.59:612][  0]LogRenderer: Reallocating scene render targets to support 1104x536 Format 10 NumSamples 1 (Frame:1).
[2019.12.18-18.55.59:706][  0]LogContentBrowser: Native class hierarchy updated for 'HierarchicalLODOutliner' in 0.0002 seconds. Added 0 classes and 0 folders.
[2019.12.18-18.55.59:706][  0]LogLoad: (Engine Initialization) Total time: 10.44 seconds
[2019.12.18-18.55.59:706][  0]LogLoad: (Engine Initialization) Total Blueprint compile time: 0.00 seconds
[2019.12.18-18.55.59:770][  0]LogContentStreaming: Texture pool size now 1000 MB
[2019.12.18-18.55.59:834][  0]LogSlate: Took 0.031011 seconds to synchronously load lazily loaded font '../../../Engine/Content/Slate/Fonts/Roboto-Light.ttf' (167K)
[2019.12.18-18.55.59:839][  1]LogSubstanceLiveLink: Warning: Unable to send data along socket, closing connection
[2019.12.18-18.56.00:040][  4]LogAssetRegistry: Asset discovery search completed in 7.6411 seconds
[2019.12.18-18.56.00:045][  4]LogCollectionManager: Rebuilt the object cache for 0 collections in 0.000014 seconds (found 0 objects)
[2019.12.18-18.56.00:045][  4]LogCollectionManager: Fixed up redirectors for 0 collections in 0.000057 seconds (updated 0 objects)
[2019.12.18-18.56.00:738][ 82]LogSlate: Took 0.000209 seconds to synchronously load lazily loaded font '../../../Engine/Content/Slate/Fonts/Roboto-Light.ttf' (167K)
[2019.12.18-18.56.08:561][ 12]LogSlate: FSceneViewport::OnFocusLost() reason 0
[2019.12.18-18.56.18:015][  2]LogAIModule: Creating AISystem for world School
[2019.12.18-18.56.18:028][  2]LogAssetEditorManager: Opening Asset editor for World /Game/Levels/School.School
[2019.12.18-18.56.18:050][  2]LogUObjectHash: Compacting FUObjectHashTables data took   2.12ms
[2019.12.18-18.56.18:051][  2]Cmd: MAP LOAD FILE="../../../../../../Users/Administrator/Documents/Unreal Projects/SchoolSimulator/SchoolSim/Content/Levels/School.umap" TEMPLATE=0 SHOWPROGRESS=1 FEATURELEVEL=3
[2019.12.18-18.56.18:051][  2]LightingResults: New page: Lighting Build
[2019.12.18-18.56.18:051][  2]LoadErrors: New page: Loading map: School.umap
[2019.12.18-18.56.18:052][  2]LogWorld: UWorld::CleanupWorld for ThirdPersonExampleMap, bSessionEnded=true, bCleanupResources=true
[2019.12.18-18.56.18:052][  2]MapCheck: New page: Map Check
[2019.12.18-18.56.18:052][  2]LightingResults: New page: Lighting Build
[2019.12.18-18.56.18:076][  2]LogUObjectHash: Compacting FUObjectHashTables data took   1.83ms
[2019.12.18-18.56.18:135][  2]LogEditorServer: Finished looking for orphan Actors (0.000 secs)
[2019.12.18-18.56.18:157][  2]LogUObjectHash: Compacting FUObjectHashTables data took   1.58ms
[2019.12.18-18.56.18:184][  2]Cmd: MAP CHECKDEP NOCLEARLOG
[2019.12.18-18.56.18:184][  2]MapCheck: Map check complete: 0 Error(s), 0 Warning(s), took 0.115ms to complete.
[2019.12.18-18.56.18:184][  2]LogFileHelpers: Loading map 'School' took 0.135
[2019.12.18-18.56.24:649][751]LogSlate: FSceneViewport::OnFocusLost() reason 0
[2019.12.18-18.56.24:831][773]LogTemp: Repeating last play command: Selected Viewport
[2019.12.18-18.56.24:847][773]LogBlueprintUserMessages: Early PlayInEditor Detection: Level '/Game/Levels/School.School:PersistentLevel' has LevelScriptBlueprint '/Game/Levels/School.School:PersistentLevel.School' with GeneratedClass '/Game/Levels/School.School_C' with ClassGeneratedBy '/Game/Levels/School.School:PersistentLevel.School'
[2019.12.18-18.56.24:848][773]LogPlayLevel: PlayLevel: No blueprints needed recompiling
[2019.12.18-18.56.24:848][773]PIE: New page: PIE session: School (Dec 18, 2019, 6:56:24 AM)
[2019.12.18-18.56.24:849][773]LogOnline: OSS: Creating online subsystem instance for: NULL
[2019.12.18-18.56.24:850][773]LogPlayLevel: Creating play world package: /Game/Levels/UEDPIE_0_School
[2019.12.18-18.56.24:852][773]LogPlayLevel: PIE: StaticDuplicateObject took: (0.002084s)
[2019.12.18-18.56.24:853][773]LogAIModule: Creating AISystem for world School
[2019.12.18-18.56.24:853][773]LogPlayLevel: PIE: World Init took: (0.000944s)
[2019.12.18-18.56.24:853][773]LogPlayLevel: PIE: Created PIE world by copying editor world from /Game/Levels/School.School to /Game/Levels/UEDPIE_0_School.School (0.003270s)
[2019.12.18-18.56.24:878][773]LogUObjectHash: Compacting FUObjectHashTables data took   1.39ms
[2019.12.18-18.56.24:918][773]LogInit: XAudio2 using 'Headphones (111111’s AirPods Stereo)' : 2 channels at 44.1 kHz using 16 bits per sample (channel mask 0x3)
[2019.12.18-18.56.24:964][773]LogInit: FAudioDevice initialized.
[2019.12.18-18.56.24:987][773]LogLoad: Game class is 'ThirdPersonGameMode_C'
[2019.12.18-18.56.24:988][773]LogWorld: Bringing World /Game/Levels/UEDPIE_0_School.School up for play (max tick rate 0) at 2019.12.18-12.56.24
[2019.12.18-18.56.24:988][773]LogWorld: Bringing up level for play took: 0.000517
[2019.12.18-18.56.24:988][773]LogOnline: OSS: Creating online subsystem instance for: :Context_2
[2019.12.18-18.56.24:996][773]LogContentBrowser: Native class hierarchy updated for 'MovieSceneCapture' in 0.0003 seconds. Added 20 classes and 0 folders.
[2019.12.18-18.56.24:998][773]PIE: Play in editor start time for /Game/Levels/UEDPIE_0_School 0.141
[2019.12.18-18.56.24:999][773]LogBlueprintUserMessages: Late PlayInEditor Detection: Level '/Game/Levels/School.School:PersistentLevel' has LevelScriptBlueprint '/Game/Levels/School.School:PersistentLevel.School' with GeneratedClass '/Game/Levels/School.School_C' with ClassGeneratedBy '/Game/Levels/School.School:PersistentLevel.School'
[2019.12.18-18.56.37:642][286]LogBlueprintUserMessages: Early EndPlayMap Detection: Level '/Game/Levels/School.School:PersistentLevel' has LevelScriptBlueprint '/Game/Levels/School.School:PersistentLevel.School' with GeneratedClass '/Game/Levels/School.School_C' with ClassGeneratedBy '/Game/Levels/School.School:PersistentLevel.School'
[2019.12.18-18.56.37:642][286]LogSlate: Updating window title bar state: overlay mode, drag disabled, window buttons hidden, title bar hidden
[2019.12.18-18.56.37:642][286]LogWorld: BeginTearingDown for /Game/Levels/UEDPIE_0_School
[2019.12.18-18.56.37:642][286]LogWorld: UWorld::CleanupWorld for School, bSessionEnded=true, bCleanupResources=true
[2019.12.18-18.56.37:655][286]LogPlayLevel: Display: Shutting down PIE online subsystems
[2019.12.18-18.56.37:655][286]LogBlueprintUserMessages: Late EndPlayMap Detection: Level '/Game/Levels/School.School:PersistentLevel' has LevelScriptBlueprint '/Game/Levels/School.School:PersistentLevel.School' with GeneratedClass '/Game/Levels/School.School_C' with ClassGeneratedBy '/Game/Levels/School.School:PersistentLevel.School'
[2019.12.18-18.56.37:683][286]LogSlate: Updating window title bar state: overlay mode, drag disabled, window buttons hidden, title bar hidden
[2019.12.18-18.56.37:686][286]LogUObjectHash: Compacting FUObjectHashTables data took   2.05ms
[2019.12.18-18.56.37:744][292]LogPlayLevel: Display: Destroying online subsystem :Context_2
[2019.12.18-18.56.39:593][513]LogSlate: FSceneViewport::OnFocusLost() reason 0
[2019.12.18-18.56.39:726][529]LogTemp: Repeating last play command: Selected Viewport
[2019.12.18-18.56.39:743][529]LogBlueprintUserMessages: Early PlayInEditor Detection: Level '/Game/Levels/School.School:PersistentLevel' has LevelScriptBlueprint '/Game/Levels/School.School:PersistentLevel.School' with GeneratedClass '/Game/Levels/School.School_C' with ClassGeneratedBy '/Game/Levels/School.School:PersistentLevel.School'
[2019.12.18-18.56.39:743][529]LogPlayLevel: PlayLevel: No blueprints needed recompiling
[2019.12.18-18.56.39:743][529]PIE: New page: PIE session: School (Dec 18, 2019, 6:56:39 AM)
[2019.12.18-18.56.39:743][529]LogPlayLevel: Creating play world package: /Game/Levels/UEDPIE_0_School
[2019.12.18-18.56.39:745][529]LogPlayLevel: PIE: StaticDuplicateObject took: (0.001744s)
[2019.12.18-18.56.39:746][529]LogAIModule: Creating AISystem for world School
[2019.12.18-18.56.39:746][529]LogPlayLevel: PIE: World Init took: (0.000842s)
[2019.12.18-18.56.39:746][529]LogPlayLevel: PIE: Created PIE world by copying editor world from /Game/Levels/School.School to /Game/Levels/UEDPIE_0_School.School (0.002709s)
[2019.12.18-18.56.39:767][529]LogUObjectHash: Compacting FUObjectHashTables data took   1.43ms
[2019.12.18-18.56.39:808][529]LogInit: XAudio2 using 'Headphones (111111’s AirPods Stereo)' : 2 channels at 44.1 kHz using 16 bits per sample (channel mask 0x3)
[2019.12.18-18.56.39:846][529]LogInit: FAudioDevice initialized.
[2019.12.18-18.56.39:855][529]LogLoad: Game class is 'ThirdPersonGameMode_C'
[2019.12.18-18.56.39:856][529]LogWorld: Bringing World /Game/Levels/UEDPIE_0_School.School up for play (max tick rate 0) at 2019.12.18-12.56.39
[2019.12.18-18.56.39:856][529]LogWorld: Bringing up level for play took: 0.000465
[2019.12.18-18.56.39:856][529]LogOnline: OSS: Creating online subsystem instance for: :Context_3
[2019.12.18-18.56.39:859][529]PIE: Play in editor start time for /Game/Levels/UEDPIE_0_School 1.002
[2019.12.18-18.56.39:860][529]LogBlueprintUserMessages: Late PlayInEditor Detection: Level '/Game/Levels/School.School:PersistentLevel' has LevelScriptBlueprint '/Game/Levels/School.School:PersistentLevel.School' with GeneratedClass '/Game/Levels/School.School_C' with ClassGeneratedBy '/Game/Levels/School.School:PersistentLevel.School'
[2019.12.18-18.56.54:234][250]LogBlueprintUserMessages: Early EndPlayMap Detection: Level '/Game/Levels/School.School:PersistentLevel' has LevelScriptBlueprint '/Game/Levels/School.School:PersistentLevel.School' with GeneratedClass '/Game/Levels/School.School_C' with ClassGeneratedBy '/Game/Levels/School.School:PersistentLevel.School'
[2019.12.18-18.56.54:234][250]LogSlate: Updating window title bar state: overlay mode, drag disabled, window buttons hidden, title bar hidden
[2019.12.18-18.56.54:234][250]LogWorld: BeginTearingDown for /Game/Levels/UEDPIE_0_School
[2019.12.18-18.56.54:234][250]LogWorld: UWorld::CleanupWorld for School, bSessionEnded=true, bCleanupResources=true
[2019.12.18-18.56.54:244][250]LogPlayLevel: Display: Shutting down PIE online subsystems
[2019.12.18-18.56.54:245][250]LogBlueprintUserMessages: Late EndPlayMap Detection: Level '/Game/Levels/School.School:PersistentLevel' has LevelScriptBlueprint '/Game/Levels/School.School:PersistentLevel.School' with GeneratedClass '/Game/Levels/School.School_C' with ClassGeneratedBy '/Game/Levels/School.School:PersistentLevel.School'
[2019.12.18-18.56.54:273][250]LogSlate: Updating window title bar state: overlay mode, drag disabled, window buttons hidden, title bar hidden
[2019.12.18-18.56.54:275][250]LogUObjectHash: Compacting FUObjectHashTables data took   1.63ms
[2019.12.18-18.56.54:337][256]LogPlayLevel: Display: Destroying online subsystem :Context_3
[2019.12.18-18.56.54:860][316]LogUObjectHash: Compacting FUObjectHashTables data took   0.70ms
[2019.12.18-18.56.56:214][478]LogSlate: FSceneViewport::OnFocusLost() reason 0
[2019.12.18-18.56.58:411][728]LogMaterial: Display: Missing cached shader map for material Material_0, compiling. 
[2019.12.18-18.56.58:411][728]LogMaterial: Warning: /Engine/Transient.Material_0 (no disk path found): Failed to compile Material for platform PCD3D_SM5, Default Material will be used in game.
[2019.12.18-18.56.58:411][728]LogMaterial: Display: 	SceneTexture expressions cannot be used in opaque materials
[2019.12.18-18.57.06:236][303]LogAssetEditorManager: Opening Asset editor for WidgetBlueprint /Game/ThirdPersonBP/Blueprints/testHUD.testHUD
[2019.12.18-18.57.06:576][303]LogContentBrowser: Native class hierarchy updated for 'BlueprintGraph' in 0.0005 seconds. Added 121 classes and 0 folders.
[2019.12.18-18.57.07:787][303]LogSlate: Took 0.004212 seconds to synchronously load lazily loaded font '../../../Engine/Content/Slate/Fonts/Roboto-BoldCondensed.ttf' (158K)
[2019.12.18-18.57.09:633][512]LogSlate: Window 'testHUD' being destroyed
[2019.12.18-18.57.11:869][771]LogAssetEditorManager: Opening Asset editor for WidgetBlueprint /Game/Widgets/MainUI.MainUI
[2019.12.18-18.57.14:741][ 48]LogAssetEditorManager: Opening Asset editor for WidgetBlueprint /Game/ThirdPersonBP/Blueprints/mainHUD.mainHUD
[2019.12.18-18.57.26:372][311]LogAssetEditorManager: Opening Asset editor for Blueprint /Game/ThirdPersonBP/Blueprints/ThirdPersonCharacter.ThirdPersonCharacter
[2019.12.18-18.57.27:071][312]LogSlate: Took 0.020387 seconds to synchronously load lazily loaded font '../../../Engine/Content/Slate/Fonts/Roboto-Italic.ttf' (157K)
[2019.12.18-18.57.31:433][826]LogTemp: Repeating last play command: Selected Viewport
[2019.12.18-18.57.31:464][826]LogBlueprintUserMessages: Early PlayInEditor Detection: Level '/Game/Levels/School.School:PersistentLevel' has LevelScriptBlueprint '/Game/Levels/School.School:PersistentLevel.School' with GeneratedClass '/Game/Levels/School.School_C' with ClassGeneratedBy '/Game/Levels/School.School:PersistentLevel.School'
[2019.12.18-18.57.31:464][826]LogPlayLevel: PlayLevel: No blueprints needed recompiling
[2019.12.18-18.57.31:464][826]PIE: New page: PIE session: School (Dec 18, 2019, 6:57:31 AM)
[2019.12.18-18.57.31:465][826]LogPlayLevel: Creating play world package: /Game/Levels/UEDPIE_0_School
[2019.12.18-18.57.31:466][826]LogPlayLevel: PIE: StaticDuplicateObject took: (0.001800s)
[2019.12.18-18.57.31:467][826]LogAIModule: Creating AISystem for world School
[2019.12.18-18.57.31:467][826]LogPlayLevel: PIE: World Init took: (0.000838s)
[2019.12.18-18.57.31:467][826]LogPlayLevel: PIE: Created PIE world by copying editor world from /Game/Levels/School.School to /Game/Levels/UEDPIE_0_School.School (0.002728s)
[2019.12.18-18.57.31:542][826]LogUObjectHash: Compacting FUObjectHashTables data took   5.52ms
[2019.12.18-18.57.31:580][826]LogInit: XAudio2 using 'Headphones (111111’s AirPods Stereo)' : 2 channels at 44.1 kHz using 16 bits per sample (channel mask 0x3)
[2019.12.18-18.57.31:616][826]LogInit: FAudioDevice initialized.
[2019.12.18-18.57.31:625][826]LogSlate: Updating window title bar state: overlay mode, drag disabled, window buttons hidden, title bar hidden
[2019.12.18-18.57.31:625][826]LogLoad: Game class is 'ThirdPersonGameMode_C'
[2019.12.18-18.57.31:627][826]LogWorld: Bringing World /Game/Levels/UEDPIE_0_School.School up for play (max tick rate 0) at 2019.12.18-12.57.31
[2019.12.18-18.57.31:627][826]LogWorld: Bringing up level for play took: 0.000753
[2019.12.18-18.57.31:627][826]LogOnline: OSS: Creating online subsystem instance for: :Context_16
[2019.12.18-18.57.31:634][826]PIE: Play in editor start time for /Game/Levels/UEDPIE_0_School 0.776
[2019.12.18-18.57.31:634][826]LogBlueprintUserMessages: Late PlayInEditor Detection: Level '/Game/Levels/School.School:PersistentLevel' has LevelScriptBlueprint '/Game/Levels/School.School:PersistentLevel.School' with GeneratedClass '/Game/Levels/School.School_C' with ClassGeneratedBy '/Game/Levels/School.School:PersistentLevel.School'
[2019.12.18-18.57.31:650][827]LogRenderer: Reallocating scene render targets to support 1280x720 Format 10 NumSamples 1 (Frame:1).
[2019.12.18-18.57.32:909][949]LogBlueprintUserMessages: Early EndPlayMap Detection: Level '/Game/Levels/School.School:PersistentLevel' has LevelScriptBlueprint '/Game/Levels/School.School:PersistentLevel.School' with GeneratedClass '/Game/Levels/School.School_C' with ClassGeneratedBy '/Game/Levels/School.School:PersistentLevel.School'
[2019.12.18-18.57.32:909][949]LogSlate: Updating window title bar state: overlay mode, drag disabled, window buttons hidden, title bar hidden
[2019.12.18-18.57.32:909][949]LogWorld: BeginTearingDown for /Game/Levels/UEDPIE_0_School
[2019.12.18-18.57.32:928][949]LogSlate: Window 'SchoolSimulator Game Preview Standalone (64-bit/PCD3D_SM5)' being destroyed
[2019.12.18-18.57.32:934][949]LogWorld: UWorld::CleanupWorld for School, bSessionEnded=true, bCleanupResources=true
[2019.12.18-18.57.32:945][949]LogPlayLevel: Display: Shutting down PIE online subsystems
[2019.12.18-18.57.32:946][949]LogBlueprintUserMessages: Late EndPlayMap Detection: Level '/Game/Levels/School.School:PersistentLevel' has LevelScriptBlueprint '/Game/Levels/School.School:PersistentLevel.School' with GeneratedClass '/Game/Levels/School.School_C' with ClassGeneratedBy '/Game/Levels/School.School:PersistentLevel.School'
[2019.12.18-18.57.32:999][949]LogUObjectHash: Compacting FUObjectHashTables data took   4.08ms
[2019.12.18-18.57.33:010][950]LogPlayLevel: Display: Destroying online subsystem :Context_16
[2019.12.18-19.04.59:732][534]LogEditorSessionSummary: EditorSessionSummary sent report. Type=Shutdown, SessionId={89C525C5-4E1D-FCF7-9AF9-10909582618E}
[2019.12.18-19.06.00:018][378]LogEditorSessionSummary: EditorSessionSummary sent report. Type=Shutdown, SessionId={0C893ABA-40A9-14AB-C7A4-1CA9AA5DF6BD}
[2019.12.18-19.38.48:290][602]LogAudio: Warning: Current Audio Device with ID {0.0.0.00000000}.{7980d125-d68c-42af-b760-37d13f125cfb} was removed. Shutting down audio device.
[2019.12.18-19.38.48:290][602]LogAudio: Error: GetDeviceCount error: Unhandled error code -2147024809
[2019.12.18-19.38.48:290][602]LogInit: No audio devices found!
[2019.12.18-19.38.48:610][603]LogInit: XAudio2 using 'Realtek Digital Output (Realtek High Definition Audio)' : 2 channels at 48 kHz using 32 bits per sample (channel mask 0x3)
[2019.12.18-19.38.48:949][604]LogInit: XAudio2 using 'Realtek Digital Output (Realtek High Definition Audio)' : 2 channels at 48 kHz using 32 bits per sample (channel mask 0x3)
[2019.12.18-20.14.29:166][ 23]LogInit: XAudio2 using 'Headphones (111111’s AirPods Stereo)' : 2 channels at 44.1 kHz using 16 bits per sample (channel mask 0x3)
